Arguments: 
  /Users/scott/.volta/tools/image/node/8.16.0/6.4.1/bin/node /Users/scott/.volta/tools/image/yarn/1.16.0/bin/yarn.js add -D @vuepress/google-analytics

PATH: 
  /Users/scott/.volta/tools/image/node/8.16.0/6.4.1/bin:/Users/scott/.volta/tools/image/yarn/1.16.0/bin:/usr/local/opt/qt/bin:/Users/scott/Dev/Go/bin:/Users/scott/.composer/vendor/bin:/usr/local/bin:/usr/bin:/bin:/usr/sbin:/sbin:/usr/local/opt/qt/bin:/Users/scott/Dev/Go/bin:/Users/scott/.composer/vendor/bin

Yarn version: 
  1.16.0

Node version: 
  8.16.0

Platform: 
  darwin x64

Trace: 
  Error: https://registry.yarnpkg.com/@vuepress%2fgoogle-analytics: Not found
      at Request.params.callback [as _callback] (/Users/scott/.volta/tools/image/yarn/1.16.0/lib/cli.js:66091:18)
      at Request.self.callback (/Users/scott/.volta/tools/image/yarn/1.16.0/lib/cli.js:129590:22)
      at emitTwo (events.js:126:13)
      at Request.emit (events.js:214:7)
      at Request.<anonymous> (/Users/scott/.volta/tools/image/yarn/1.16.0/lib/cli.js:130562:10)
      at emitOne (events.js:116:13)
      at Request.emit (events.js:211:7)
      at IncomingMessage.<anonymous> (/Users/scott/.volta/tools/image/yarn/1.16.0/lib/cli.js:130484:12)
      at Object.onceWrapper (events.js:313:30)
      at emitNone (events.js:111:20)

npm manifest: 
  {
      "scripts": {
        "build": "vuepress build docs/"
      }
    }

yarn manifest: 
  No manifest

Lockfile: 
  No lockfile
